<?xml version="1.0" encoding="UTF-8"?>
<!-- Generated by org.testng.reporters.JUnitReportReporter -->
<testsuite skipped="0" hostname="22193-TZD-ALU" name="ocean.tests.Search" tests="3" failures="0" timestamp="18 Jul 2019 06:28:52 GMT" time="29.448" errors="0">
  <testcase name="search" time="9.820" classname="ocean.tests.Search"/>
  <testcase name="search" time="8.159" classname="ocean.tests.Search"/>
  <testcase name="search" time="11.469" classname="ocean.tests.Search"/>
</testsuite> <!-- ocean.tests.Search -->
