<?xml version="1.0" encoding="UTF-8"?>
<!-- Generated by org.testng.reporters.JUnitReportReporter -->
<testsuite skipped="0" hostname="LAP-TZD-0X74796" name="ocean.test.condition.cancellation.OCEAN_Cancel_TC_06" tests="1" failures="0" timestamp="2019-11-25T10:17:36 IST" time="179.775" errors="0">
  <testcase name="verifyFlatCancelRule" time="179.775" classname="ocean.test.condition.cancellation.OCEAN_Cancel_TC_06"/>
</testsuite> <!-- ocean.test.condition.cancellation.OCEAN_Cancel_TC_06 -->
