<?xml version="1.0" encoding="UTF-8"?>
<!-- Generated by org.testng.reporters.JUnitReportReporter -->
<testsuite skipped="0" hostname="LAP-TZD-0X74796" name="ocean.test.condition.underwriting.OCEAN_UnderWriting_TC_07" tests="1" failures="0" timestamp="2020-01-31T15:03:24 IST" time="484.355" errors="0">
  <testcase name="deleteRemittance" time="484.355" classname="ocean.test.condition.underwriting.OCEAN_UnderWriting_TC_07"/>
</testsuite> <!-- ocean.test.condition.underwriting.OCEAN_UnderWriting_TC_07 -->
