<?xml version="1.0" encoding="UTF-8"?>
<!-- Generated by org.testng.reporters.JUnitReportReporter -->
<testsuite skipped="0" hostname="LAP-TZD-0X74796" name="ocean.test.condition.undwewriting.OCEAN_UnderWriting_TC_01_02_03_04" tests="3" failures="0" timestamp="2019-12-26T10:41:42 IST" time="337.906" errors="0">
  <testcase name="createRemittance" time="96.298" classname="ocean.test.condition.undwewriting.OCEAN_UnderWriting_TC_01_02_03_04"/>
  <testcase name="createRemittance" time="154.485" classname="ocean.test.condition.undwewriting.OCEAN_UnderWriting_TC_01_02_03_04"/>
  <testcase name="createRemittance" time="87.123" classname="ocean.test.condition.undwewriting.OCEAN_UnderWriting_TC_01_02_03_04"/>
</testsuite> <!-- ocean.test.condition.undwewriting.OCEAN_UnderWriting_TC_01_02_03_04 -->
