<?xml version="1.0" encoding="UTF-8"?>
<!-- Generated by org.testng.reporters.JUnitReportReporter -->
<testsuite skipped="0" hostname="22193-TZD-ALU" name="ocean.tests.SearchModule" tests="6" failures="0" timestamp="19 Jul 2019 03:55:13 GMT" time="0.020" errors="0">
  <testcase name="searchAccount" time="0.001" classname="ocean.tests.SearchModule"/>
  <testcase name="searchAccount" time="0.004" classname="ocean.tests.SearchModule"/>
  <testcase name="searchAccount" time="0.011" classname="ocean.tests.SearchModule"/>
  <testcase name="searchInsurance" time="0.002" classname="ocean.tests.SearchModule"/>
  <testcase name="searchInsurance" time="0.000" classname="ocean.tests.SearchModule"/>
  <testcase name="searchInsurance" time="0.002" classname="ocean.tests.SearchModule"/>
</testsuite> <!-- ocean.tests.SearchModule -->
