<?xml version="1.0" encoding="UTF-8"?>
<!-- Generated by org.testng.reporters.JUnitReportReporter -->
<testsuite skipped="0" hostname="22193-TZD-ALU" name="ocean.test.condition.Account.OCEAN_Search_TC02" tests="6" failures="0" timestamp="22 Jul 2019 08:55:45 GMT" time="0.007" errors="0">
  <testcase name="ClickSearch" time="0.001" classname="ocean.test.condition.Account.OCEAN_Search_TC02"/>
  <testcase name="clickonAccountTab" time="0.001" classname="ocean.test.condition.Account.OCEAN_Search_TC02"/>
  <testcase name="clickonAccountTab" time="0.002" classname="ocean.test.condition.Account.OCEAN_Search_TC02"/>
  <testcase name="ClickSearch" time="0.001" classname="ocean.test.condition.Account.OCEAN_Search_TC02"/>
  <testcase name="ClickSearch" time="0.001" classname="ocean.test.condition.Account.OCEAN_Search_TC02"/>
  <testcase name="clickonAccountTab" time="0.001" classname="ocean.test.condition.Account.OCEAN_Search_TC02"/>
</testsuite> <!-- ocean.test.condition.Account.OCEAN_Search_TC02 -->
