<?xml version="1.0" encoding="UTF-8"?>
<!-- Generated by org.testng.reporters.JUnitReportReporter -->
<testsuite skipped="0" hostname="22193-TZD-ALU" name="ocean.tests.CancellationModule" tests="6" failures="0" timestamp="18 Jul 2019 10:05:35 GMT" time="0.006" errors="0">
  <testcase name="searchAccount" time="0.001" classname="ocean.tests.CancellationModule"/>
  <testcase name="searchAccount" time="0.001" classname="ocean.tests.CancellationModule"/>
  <testcase name="searchInsurance" time="0.003" classname="ocean.tests.CancellationModule"/>
  <testcase name="searchInsurance" time="0.000" classname="ocean.tests.CancellationModule"/>
  <testcase name="searchInsurance" time="0.000" classname="ocean.tests.CancellationModule"/>
  <testcase name="searchAccount" time="0.001" classname="ocean.tests.CancellationModule"/>
</testsuite> <!-- ocean.tests.CancellationModule -->
