<?xml version="1.0" encoding="UTF-8"?>
<!-- Generated by org.testng.reporters.JUnitReportReporter -->
<testsuite skipped="0" hostname="22193-TZD-ALU" name="ocean.tests.PricingModule" tests="6" failures="0" timestamp="18 Jul 2019 10:05:35 GMT" time="0.004" errors="0">
  <testcase name="searchAccount" time="0.000" classname="ocean.tests.PricingModule"/>
  <testcase name="searchAccount" time="0.000" classname="ocean.tests.PricingModule"/>
  <testcase name="searchInsurance" time="0.002" classname="ocean.tests.PricingModule"/>
  <testcase name="searchInsurance" time="0.002" classname="ocean.tests.PricingModule"/>
  <testcase name="searchAccount" time="0.000" classname="ocean.tests.PricingModule"/>
  <testcase name="searchInsurance" time="0.000" classname="ocean.tests.PricingModule"/>
</testsuite> <!-- ocean.tests.PricingModule -->
