<?xml version="1.0" encoding="UTF-8"?>
<!-- Generated by org.testng.reporters.JUnitReportReporter -->
<testsuite skipped="0" hostname="LAP-TZD-0X74796" name="ocean.test.condition.cancellation.OCEAN_Cancel_TC_05" tests="1" failures="0" timestamp="2019-12-03T15:47:02 IST" time="248.365" errors="0">
  <testcase name="VerifyCancellationDetailsUsingContractID" time="248.365" classname="ocean.test.condition.cancellation.OCEAN_Cancel_TC_05"/>
</testsuite> <!-- ocean.test.condition.cancellation.OCEAN_Cancel_TC_05 -->
