<?xml version="1.0" encoding="UTF-8"?>
<!-- Generated by org.testng.reporters.JUnitReportReporter -->
<testsuite skipped="0" hostname="LAP-TZD-0X74796" name="ocean.test.condition.cancellation.OCEAN_Cancel_TC_06" tests="1" failures="0" timestamp="2019-11-22T16:01:03 IST" time="265.922" errors="0">
  <testcase name="verifyFlatCancelRule" time="265.922" classname="ocean.test.condition.cancellation.OCEAN_Cancel_TC_06"/>
</testsuite> <!-- ocean.test.condition.cancellation.OCEAN_Cancel_TC_06 -->
