<?xml version="1.0" encoding="UTF-8"?>
<!-- Generated by org.testng.reporters.JUnitReportReporter -->
<testsuite skipped="0" hostname="22193-TZD-ALU" name="ocean.tests.UnderWritingModule" tests="6" failures="0" timestamp="18 Jul 2019 10:05:35 GMT" time="0.008" errors="0">
  <testcase name="searchInsurance" time="0.000" classname="ocean.tests.UnderWritingModule"/>
  <testcase name="searchAccount" time="0.001" classname="ocean.tests.UnderWritingModule"/>
  <testcase name="searchInsurance" time="0.005" classname="ocean.tests.UnderWritingModule"/>
  <testcase name="searchInsurance" time="0.002" classname="ocean.tests.UnderWritingModule"/>
  <testcase name="searchAccount" time="0.000" classname="ocean.tests.UnderWritingModule"/>
  <testcase name="searchAccount" time="0.000" classname="ocean.tests.UnderWritingModule"/>
</testsuite> <!-- ocean.tests.UnderWritingModule -->
