<?xml version="1.0" encoding="UTF-8"?>
<!-- Generated by org.testng.reporters.JUnitReportReporter -->
<testsuite skipped="0" hostname="LAP-TZD-0X74796" name="ocean.test.condition.cancellation.OCEAN_Cancel_TC_07" tests="4" failures="0" timestamp="2019-11-25T15:15:00 IST" time="371.054" errors="0">
  <testcase name="validateMessageWhenCancelDateIsBeforeSaleDate" time="119.820" classname="ocean.test.condition.cancellation.OCEAN_Cancel_TC_07"/>
  <testcase name="validateMessageWhenCancelDateIsFutureDate" time="81.762" classname="ocean.test.condition.cancellation.OCEAN_Cancel_TC_07"/>
  <testcase name="validateMessageWhenReceivedDateIsFutureDate" time="82.189" classname="ocean.test.condition.cancellation.OCEAN_Cancel_TC_07"/>
  <testcase name="validateMessageWhenCancelMilesLessThanSalesMiles" time="87.283" classname="ocean.test.condition.cancellation.OCEAN_Cancel_TC_07"/>
</testsuite> <!-- ocean.test.condition.cancellation.OCEAN_Cancel_TC_07 -->
