<?xml version="1.0" encoding="UTF-8"?>
<!-- Generated by org.testng.reporters.JUnitReportReporter -->
<testsuite skipped="0" hostname="LAP-TZD-0X74796" name="ocean.test.condition.pricing.OCEAN_Pricing_TC_05_06" tests="4" failures="0" timestamp="2019-11-13T15:32:35 IST" time="20.362" errors="0">
  <testcase name="sea" time="11.775" classname="ocean.test.condition.pricing.OCEAN_Pricing_TC_05_06"/>
  <testcase name="sea" time="2.312" classname="ocean.test.condition.pricing.OCEAN_Pricing_TC_05_06"/>
  <testcase name="sea" time="2.159" classname="ocean.test.condition.pricing.OCEAN_Pricing_TC_05_06"/>
  <testcase name="sea" time="4.116" classname="ocean.test.condition.pricing.OCEAN_Pricing_TC_05_06"/>
</testsuite> <!-- ocean.test.condition.pricing.OCEAN_Pricing_TC_05_06 -->
