<?xml version="1.0" encoding="UTF-8"?>
<!-- Generated by org.testng.reporters.JUnitReportReporter -->
<testsuite skipped="6" hostname="LAP-TZD-0X74796" name="ocean.test.condition.accounts.OCEAN_Account_TC_01_02_03" tests="7" failures="0" timestamp="2019-12-09T15:52:19 IST" time="0.022" errors="1">
  <testcase name="setup" time="0.021" classname="ocean.test.condition.accounts.OCEAN_Account_TC_01_02_03">
    <error type="java.lang.NullPointerException">
      <![CDATA[java.lang.NullPointerException
at ocean.com.main.Suite.setup(Suite.java:51)
at sun.reflect.NativeMethodAccessorImpl.invoke0(Native Method)
at sun.reflect.NativeMethodAccessorImpl.invoke(Unknown Source)
at sun.reflect.DelegatingMethodAccessorImpl.invoke(Unknown Source)
at java.lang.reflect.Method.invoke(Unknown Source)
at org.testng.internal.MethodInvocationHelper.invokeMethod(MethodInvocationHelper.java:133)
at org.testng.internal.MethodInvocationHelper.invokeMethodConsideringTimeout(MethodInvocationHelper.java:62)
at org.testng.internal.ConfigInvoker.invokeConfigurationMethod(ConfigInvoker.java:340)
at org.testng.internal.ConfigInvoker.invokeConfigurations(ConfigInvoker.java:294)
at org.testng.SuiteRunner.privateRun(SuiteRunner.java:345)
at org.testng.SuiteRunner.run(SuiteRunner.java:304)
at org.testng.SuiteRunnerWorker.runSuite(SuiteRunnerWorker.java:53)
at org.testng.SuiteRunnerWorker.run(SuiteRunnerWorker.java:96)
at org.testng.TestNG.runSuitesSequentially(TestNG.java:1180)
at org.testng.TestNG.runSuitesLocally(TestNG.java:1102)
at org.testng.TestNG.runSuites(TestNG.java:1032)
at org.testng.TestNG.run(TestNG.java:1000)
at org.testng.remote.AbstractRemoteTestNG.run(AbstractRemoteTestNG.java:115)
at org.testng.remote.RemoteTestNG.initAndRun(RemoteTestNG.java:251)
at org.testng.remote.RemoteTestNG.main(RemoteTestNG.java:77)
]]>
    </error>
  </testcase> <!-- setup -->
  <testcase name="searchForAccountOnAccountSearchScreen" time="0.000" classname="ocean.test.condition.accounts.OCEAN_Account_TC_01_02_03">
    <skipped/>
  </testcase> <!-- searchForAccountOnAccountSearchScreen -->
  <testcase name="searchForAccountOnAccountSearchScreen" time="0.000" classname="ocean.test.condition.accounts.OCEAN_Account_TC_01_02_03">
    <skipped/>
  </testcase> <!-- searchForAccountOnAccountSearchScreen -->
  <testcase name="searchForAccountOnAccountSearchScreen" time="0.000" classname="ocean.test.condition.accounts.OCEAN_Account_TC_01_02_03">
    <skipped/>
  </testcase> <!-- searchForAccountOnAccountSearchScreen -->
  <testcase name="searchForAccountOnAccountSearchScreen" time="0.000" classname="ocean.test.condition.accounts.OCEAN_Account_TC_01_02_03">
    <skipped/>
  </testcase> <!-- searchForAccountOnAccountSearchScreen -->
  <testcase name="searchForAccountOnAccountSearchScreen" time="0.001" classname="ocean.test.condition.accounts.OCEAN_Account_TC_01_02_03">
    <skipped/>
  </testcase> <!-- searchForAccountOnAccountSearchScreen -->
  <testcase name="searchForAccountOnAccountSearchScreen" time="0.000" classname="ocean.test.condition.accounts.OCEAN_Account_TC_01_02_03">
    <skipped/>
  </testcase> <!-- searchForAccountOnAccountSearchScreen -->
</testsuite> <!-- ocean.test.condition.accounts.OCEAN_Account_TC_01_02_03 -->
