<?xml version="1.0" encoding="UTF-8"?>
<!-- Generated by org.testng.reporters.JUnitReportReporter -->
<testsuite skipped="1" hostname="LAP-TZD-0X74796" name="ocean.test.condition.cancellation.OCEAN_Cancel_TC_06" tests="2" failures="0" timestamp="2019-11-22T15:07:07 IST" time="2.483" errors="1">
  <testcase name="setup" time="2.483" classname="ocean.test.condition.cancellation.OCEAN_Cancel_TC_06">
    <error type="java.time.format.DateTimeParseException" message="Text &#039;2019-11-15&#039; could not be parsed at index 10">
      <![CDATA[java.time.format.DateTimeParseException: Text '2019-11-15' could not be parsed at index 10
at java.time.format.DateTimeFormatter.parseResolved0(Unknown Source)
at java.time.format.DateTimeFormatter.parse(Unknown Source)
at java.time.Instant.parse(Unknown Source)
at ocean.com.main.Suite.setup(Suite.java:56)
at sun.reflect.NativeMethodAccessorImpl.invoke0(Native Method)
at sun.reflect.NativeMethodAccessorImpl.invoke(Unknown Source)
at sun.reflect.DelegatingMethodAccessorImpl.invoke(Unknown Source)
at java.lang.reflect.Method.invoke(Unknown Source)
at org.testng.internal.MethodInvocationHelper.invokeMethod(MethodInvocationHelper.java:133)
at org.testng.internal.MethodInvocationHelper.invokeMethodConsideringTimeout(MethodInvocationHelper.java:62)
at org.testng.internal.ConfigInvoker.invokeConfigurationMethod(ConfigInvoker.java:340)
at org.testng.internal.ConfigInvoker.invokeConfigurations(ConfigInvoker.java:294)
at org.testng.SuiteRunner.privateRun(SuiteRunner.java:345)
at org.testng.SuiteRunner.run(SuiteRunner.java:304)
at org.testng.SuiteRunnerWorker.runSuite(SuiteRunnerWorker.java:53)
at org.testng.SuiteRunnerWorker.run(SuiteRunnerWorker.java:96)
at org.testng.TestNG.runSuitesSequentially(TestNG.java:1180)
at org.testng.TestNG.runSuitesLocally(TestNG.java:1102)
at org.testng.TestNG.runSuites(TestNG.java:1032)
at org.testng.TestNG.run(TestNG.java:1000)
at org.testng.remote.AbstractRemoteTestNG.run(AbstractRemoteTestNG.java:115)
at org.testng.remote.RemoteTestNG.initAndRun(RemoteTestNG.java:251)
at org.testng.remote.RemoteTestNG.main(RemoteTestNG.java:77)
]]>
    </error>
  </testcase> <!-- setup -->
  <testcase name="verifyFlatCancelRule" time="0.000" classname="ocean.test.condition.cancellation.OCEAN_Cancel_TC_06">
    <skipped/>
  </testcase> <!-- verifyFlatCancelRule -->
</testsuite> <!-- ocean.test.condition.cancellation.OCEAN_Cancel_TC_06 -->
