<?xml version="1.0" encoding="UTF-8"?>
<!-- Generated by org.testng.reporters.JUnitReportReporter -->
<testsuite skipped="0" hostname="LAP-TZD-0X74796" name="test.class1" tests="1" failures="0" timestamp="2019-11-11T20:08:50 IST" time="4.650" errors="0">
  <testcase name="tett" time="4.650" classname="test.class1"/>
</testsuite> <!-- test.class1 -->
