<?xml version="1.0" encoding="UTF-8"?>
<!-- Generated by org.testng.reporters.JUnitReportReporter -->
<testsuite skipped="1" hostname="22193-TZD-ALU" name="ocean.test.condition.Cancellation.OCEAN_Cancel_TC01" tests="2" failures="0" timestamp="21 Aug 2019 08:27:00 GMT" time="221.174" errors="0">
  <testcase name="cancelContract" time="154.053" classname="ocean.test.condition.Cancellation.OCEAN_Cancel_TC01"/>
  <testcase name="cancelContract" time="67.121" classname="ocean.test.condition.Cancellation.OCEAN_Cancel_TC01">
    <skipped/>
  </testcase> <!-- cancelContract -->
</testsuite> <!-- ocean.test.condition.Cancellation.OCEAN_Cancel_TC01 -->
