<?xml version="1.0" encoding="UTF-8"?>
<!-- Generated by org.testng.reporters.JUnitReportReporter -->
<testsuite skipped="0" hostname="22193-TZD-ALU" name="ocean.test.condition.Account.OCEAN_Search_TC01" tests="6" failures="0" timestamp="22 Jul 2019 08:55:45 GMT" time="0.013" errors="0">
  <testcase name="clickonAccountTab" time="0.001" classname="ocean.test.condition.Account.OCEAN_Search_TC01"/>
  <testcase name="ClickSearch" time="0.006" classname="ocean.test.condition.Account.OCEAN_Search_TC01"/>
  <testcase name="clickonAccountTab" time="0.001" classname="ocean.test.condition.Account.OCEAN_Search_TC01"/>
  <testcase name="ClickSearch" time="0.001" classname="ocean.test.condition.Account.OCEAN_Search_TC01"/>
  <testcase name="clickonAccountTab" time="0.001" classname="ocean.test.condition.Account.OCEAN_Search_TC01"/>
  <testcase name="ClickSearch" time="0.003" classname="ocean.test.condition.Account.OCEAN_Search_TC01"/>
</testsuite> <!-- ocean.test.condition.Account.OCEAN_Search_TC01 -->
