<?xml version="1.0" encoding="UTF-8"?>
<!-- Generated by org.testng.reporters.JUnitReportReporter -->
<testsuite skipped="0" hostname="LAP-TZD-0X74796" name="ocean.test.condition.underwriting.OCEAN_UnderWriting_TC_25" tests="4" failures="0" timestamp="2020-02-25T15:13:11 IST" time="3.739" errors="0">
  <testcase name="TCase_02_changePriceSheet" time="1.062" classname="ocean.test.condition.underwriting.OCEAN_UnderWriting_TC_25"/>
  <testcase name="TCase_01_changePriceSheet" time="0.544" classname="ocean.test.condition.underwriting.OCEAN_UnderWriting_TC_25"/>
  <testcase name="TCase_02_changePriceSheet" time="1.066" classname="ocean.test.condition.underwriting.OCEAN_UnderWriting_TC_25"/>
  <testcase name="TCase_01_changePriceSheet" time="1.067" classname="ocean.test.condition.underwriting.OCEAN_UnderWriting_TC_25"/>
</testsuite> <!-- ocean.test.condition.underwriting.OCEAN_UnderWriting_TC_25 -->
