<?xml version="1.0" encoding="UTF-8"?>
<!-- Generated by org.testng.reporters.JUnitReportReporter -->
<testsuite skipped="1" hostname="22193-TZD-ALU" name="ocean.test.condition.Cancellation.OCEAN_Cancel_TC01" tests="2" failures="0" timestamp="03 Sep 2019 10:56:51 GMT" time="293.443" errors="0">
  <testcase name="cancelContract" time="94.240" classname="ocean.test.condition.Cancellation.OCEAN_Cancel_TC01">
    <skipped/>
  </testcase> <!-- cancelContract -->
  <testcase name="cancelContract" time="199.203" classname="ocean.test.condition.Cancellation.OCEAN_Cancel_TC01"/>
</testsuite> <!-- ocean.test.condition.Cancellation.OCEAN_Cancel_TC01 -->
